geckodriver: error: Found argument '--websocket-port' which wasn't expected, or isn't valid in this context

USAGE:
    geckodriver [FLAGS] [OPTIONS]

For more information try --help

geckodriver: error: Found argument '--websocket-port' which wasn't expected, or isn't valid in this context

USAGE:
    geckodriver [FLAGS] [OPTIONS]

For more information try --help

geckodriver: error: Found argument '--websocket-port' which wasn't expected, or isn't valid in this context

USAGE:
    geckodriver [FLAGS] [OPTIONS]

For more information try --help

1644416606166	geckodriver	INFO	Listening on 127.0.0.1:54149
1644416609236	mozrunner::runner	INFO	Running command: "C:\\Program Files\\Mozilla Firefox\\firefox.exe" "--marionette" "--remote-debugging-port" "54150" "-no-remote" "-profile" "C:\\Users\\Prashant\\AppData\\Local\\Temp\\rust_mozprofile1hK47Z"
1644416724137	geckodriver	INFO	Listening on 127.0.0.1:54303
1644416727197	mozrunner::runner	INFO	Running command: "C:\\Program Files\\Mozilla Firefox\\firefox.exe" "--marionette" "--remote-debugging-port" "54304" "-no-remote" "-profile" "C:\\Users\\Prashant\\AppData\\Local\\Temp\\rust_mozprofileHQQOtm"
1644416727775	Marionette	INFO	Marionette enabled
console.warn: SearchSettings: "get: No settings file exists, new profile?" (new NotFoundError("Could not open the file at C:\\Users\\Prashant\\AppData\\Local\\Temp\\rust_mozprofileHQQOtm\\search.json.mozlz4", (void 0)))
DevTools listening on ws://localhost:54304/devtools/browser/05e0b428-bb71-425d-ab57-72fc3f2be572
1644416731168	Marionette	INFO	Listening on port 54309
1644416731412	RemoteAgent	WARN	TLS certificate errors will be ignored for this session
console.warn: LoginRecipes: "getRecipes: falling back to a synchronous message for:" "http://localhost:54355"
console.warn: LoginRecipes: "getRecipes: falling back to a synchronous message for:" "http://localhost:54355"
JavaScript error: resource://gre/modules/LoginManagerParent.jsm, line 136: TypeError: gRecipeManager is null
1644416743358	Marionette	INFO	Stopped listening on port 54309

###!!! [Parent][PGPUParent] Error: RunMessage(msgname=PGPU::Msg_ShutdownVR) Channel closing: too late to send/recv, messages will be lost

1644499005976	geckodriver	INFO	Listening on 127.0.0.1:58705
1644499009026	mozrunner::runner	INFO	Running command: "C:\\Program Files\\Mozilla Firefox\\firefox.exe" "--marionette" "--remote-debugging-port" "58706" "-no-remote" "-profile" "C:\\Users\\Prashant\\AppData\\Local\\Temp\\rust_mozprofileqVFAN5"
1644499009851	Marionette	INFO	Marionette enabled
console.warn: SearchSettings: "get: No settings file exists, new profile?" (new NotFoundError("Could not open the file at C:\\Users\\Prashant\\AppData\\Local\\Temp\\rust_mozprofileqVFAN5\\search.json.mozlz4", (void 0)))
DevTools listening on ws://localhost:58706/devtools/browser/d6d88c73-f4c1-4046-b94e-dfa4620a0911
1644499012924	Marionette	INFO	Listening on port 58712
1644499013272	RemoteAgent	WARN	TLS certificate errors will be ignored for this session
console.warn: LoginRecipes: "getRecipes: falling back to a synchronous message for:" "http://localhost:58757"
console.warn: LoginRecipes: "getRecipes: falling back to a synchronous message for:" "http://localhost:58757"
JavaScript error: resource://gre/modules/LoginManagerParent.jsm, line 136: TypeError: gRecipeManager is null
1644499015608	Marionette	WARN	Ignoring event 'DOMContentLoaded' because document has an invalid readyState of 'complete'.
1644499015871	Marionette	WARN	Ignoring event 'DOMContentLoaded' because document has an invalid readyState of 'complete'.
1644499016282	Marionette	WARN	Ignoring event 'DOMContentLoaded' because document has an invalid readyState of 'complete'.
1644499016506	Marionette	WARN	Ignoring event 'DOMContentLoaded' because document has an invalid readyState of 'complete'.
console.warn: LoginRecipes: "getRecipes: falling back to a synchronous message for:" "http://localhost:58757"
JavaScript error: resource://gre/modules/LoginManagerParent.jsm, line 136: TypeError: gRecipeManager is null
console.warn: LoginRecipes: "getRecipes: falling back to a synchronous message for:" "http://localhost:58757"
JavaScript error: resource://gre/modules/LoginManagerParent.jsm, line 136: TypeError: gRecipeManager is null
console.warn: LoginRecipes: "getRecipes: falling back to a synchronous message for:" "http://localhost:58757"
JavaScript error: resource://gre/modules/LoginManagerParent.jsm, line 136: TypeError: gRecipeManager is null
console.warn: LoginRecipes: "getRecipes: falling back to a synchronous message for:" "http://localhost:58757"
JavaScript error: resource://gre/modules/LoginManagerParent.jsm, line 136: TypeError: gRecipeManager is null
console.warn: LoginRecipes: "getRecipes: falling back to a synchronous message for:" "http://localhost:58757"
JavaScript error: resource://gre/modules/LoginManagerParent.jsm, line 136: TypeError: gRecipeManager is null
console.warn: LoginRecipes: "getRecipes: falling back to a synchronous message for:" "http://localhost:58757"
JavaScript error: resource://gre/modules/LoginManagerParent.jsm, line 136: TypeError: gRecipeManager is null
console.warn: LoginRecipes: "getRecipes: falling back to a synchronous message for:" "http://localhost:58757"
JavaScript error: resource://gre/modules/LoginManagerParent.jsm, line 136: TypeError: gRecipeManager is null
console.warn: LoginRecipes: "getRecipes: falling back to a synchronous message for:" "http://localhost:58757"
JavaScript error: resource://gre/modules/LoginManagerParent.jsm, line 136: TypeError: gRecipeManager is null
console.warn: LoginRecipes: "getRecipes: falling back to a synchronous message for:" "http://localhost:58757"
JavaScript error: resource://gre/modules/LoginManagerParent.jsm, line 136: TypeError: gRecipeManager is null
console.warn: LoginRecipes: "getRecipes: falling back to a synchronous message for:" "http://localhost:58757"
JavaScript error: resource://gre/modules/LoginManagerParent.jsm, line 136: TypeError: gRecipeManager is null
console.warn: LoginRecipes: "getRecipes: falling back to a synchronous message for:" "http://localhost:58757"
JavaScript error: resource://gre/modules/LoginManagerParent.jsm, line 136: TypeError: gRecipeManager is null
console.warn: LoginRecipes: "getRecipes: falling back to a synchronous message for:" "http://localhost:58757"
JavaScript error: resource://gre/modules/LoginManagerParent.jsm, line 136: TypeError: gRecipeManager is null
console.warn: LoginRecipes: "getRecipes: falling back to a synchronous message for:" "http://localhost:58757"
JavaScript error: resource://gre/modules/LoginManagerParent.jsm, line 136: TypeError: gRecipeManager is null
console.warn: LoginRecipes: "getRecipes: falling back to a synchronous message for:" "http://localhost:58757"
JavaScript error: resource://gre/modules/LoginManagerParent.jsm, line 136: TypeError: gRecipeManager is null
1644499022020	Marionette	INFO	Stopped listening on port 58712

###!!! [Parent][PGPUParent] Error: RunMessage(msgname=PGPU::Msg_ShutdownVR) Channel closing: too late to send/recv, messages will be lost

1644499115241	geckodriver	INFO	Listening on 127.0.0.1:58828
1644499118309	mozrunner::runner	INFO	Running command: "C:\\Program Files\\Mozilla Firefox\\firefox.exe" "--marionette" "--remote-debugging-port" "58829" "-no-remote" "-profile" "C:\\Users\\Prashant\\AppData\\Local\\Temp\\rust_mozprofileaWs6s0"
1644499119063	Marionette	INFO	Marionette enabled
console.warn: SearchSettings: "get: No settings file exists, new profile?" (new NotFoundError("Could not open the file at C:\\Users\\Prashant\\AppData\\Local\\Temp\\rust_mozprofileaWs6s0\\search.json.mozlz4", (void 0)))
DevTools listening on ws://localhost:58829/devtools/browser/f2b874aa-8536-4569-a4ba-67b27d77d238
1644499121897	Marionette	INFO	Listening on port 58834
1644499122060	RemoteAgent	WARN	TLS certificate errors will be ignored for this session
console.warn: LoginRecipes: "getRecipes: falling back to a synchronous message for:" "http://localhost:58877"
console.warn: LoginRecipes: "getRecipes: falling back to a synchronous message for:" "http://localhost:58877"
JavaScript error: resource://gre/modules/LoginManagerParent.jsm, line 136: TypeError: gRecipeManager is null
1644499125339	Marionette	WARN	Ignoring event 'DOMContentLoaded' because document has an invalid readyState of 'complete'.
1644499125700	Marionette	WARN	Ignoring event 'DOMContentLoaded' because document has an invalid readyState of 'complete'.
1644499125994	Marionette	WARN	Ignoring event 'DOMContentLoaded' because document has an invalid readyState of 'complete'.
1644499126211	Marionette	WARN	Ignoring event 'DOMContentLoaded' because document has an invalid readyState of 'complete'.
console.warn: LoginRecipes: "getRecipes: falling back to a synchronous message for:" "http://localhost:58877"
JavaScript error: resource://gre/modules/LoginManagerParent.jsm, line 136: TypeError: gRecipeManager is null
console.warn: LoginRecipes: "getRecipes: falling back to a synchronous message for:" "http://localhost:58877"
JavaScript error: resource://gre/modules/LoginManagerParent.jsm, line 136: TypeError: gRecipeManager is null
console.warn: LoginRecipes: "getRecipes: falling back to a synchronous message for:" "http://localhost:58877"
JavaScript error: resource://gre/modules/LoginManagerParent.jsm, line 136: TypeError: gRecipeManager is null
console.warn: LoginRecipes: "getRecipes: falling back to a synchronous message for:" "http://localhost:58877"
JavaScript error: resource://gre/modules/LoginManagerParent.jsm, line 136: TypeError: gRecipeManager is null
console.warn: LoginRecipes: "getRecipes: falling back to a synchronous message for:" "http://localhost:58877"
JavaScript error: resource://gre/modules/LoginManagerParent.jsm, line 136: TypeError: gRecipeManager is null
console.warn: LoginRecipes: "getRecipes: falling back to a synchronous message for:" "http://localhost:58877"
JavaScript error: resource://gre/modules/LoginManagerParent.jsm, line 136: TypeError: gRecipeManager is null
console.warn: LoginRecipes: "getRecipes: falling back to a synchronous message for:" "http://localhost:58877"
JavaScript error: resource://gre/modules/LoginManagerParent.jsm, line 136: TypeError: gRecipeManager is null
console.warn: LoginRecipes: "getRecipes: falling back to a synchronous message for:" "http://localhost:58877"
JavaScript error: resource://gre/modules/LoginManagerParent.jsm, line 136: TypeError: gRecipeManager is null
console.warn: LoginRecipes: "getRecipes: falling back to a synchronous message for:" "http://localhost:58877"
JavaScript error: resource://gre/modules/LoginManagerParent.jsm, line 136: TypeError: gRecipeManager is null
console.warn: LoginRecipes: "getRecipes: falling back to a synchronous message for:" "http://localhost:58877"
JavaScript error: resource://gre/modules/LoginManagerParent.jsm, line 136: TypeError: gRecipeManager is null
console.warn: LoginRecipes: "getRecipes: falling back to a synchronous message for:" "http://localhost:58877"
JavaScript error: resource://gre/modules/LoginManagerParent.jsm, line 136: TypeError: gRecipeManager is null
console.warn: LoginRecipes: "getRecipes: falling back to a synchronous message for:" "http://localhost:58877"
JavaScript error: resource://gre/modules/LoginManagerParent.jsm, line 136: TypeError: gRecipeManager is null
console.warn: LoginRecipes: "getRecipes: falling back to a synchronous message for:" "http://localhost:58877"
JavaScript error: resource://gre/modules/LoginManagerParent.jsm, line 136: TypeError: gRecipeManager is null
console.warn: LoginRecipes: "getRecipes: falling back to a synchronous message for:" "http://localhost:58877"
JavaScript error: resource://gre/modules/LoginManagerParent.jsm, line 136: TypeError: gRecipeManager is null
1644499132074	Marionette	INFO	Stopped listening on port 58834

###!!! [Parent][PGPUParent] Error: RunMessage(msgname=PGPU::Msg_ShutdownVR) Channel closing: too late to send/recv, messages will be lost

1644499997366	geckodriver	INFO	Listening on 127.0.0.1:59078
1644500000457	mozrunner::runner	INFO	Running command: "C:\\Program Files\\Mozilla Firefox\\firefox.exe" "--marionette" "--remote-debugging-port" "59079" "-no-remote" "-profile" "C:\\Users\\Prashant\\AppData\\Local\\Temp\\rust_mozprofilex5wT55"
1644500001125	Marionette	INFO	Marionette enabled
console.warn: SearchSettings: "get: No settings file exists, new profile?" (new NotFoundError("Could not open the file at C:\\Users\\Prashant\\AppData\\Local\\Temp\\rust_mozprofilex5wT55\\search.json.mozlz4", (void 0)))
DevTools listening on ws://localhost:59079/devtools/browser/e3873ea6-c78f-43a2-a1a7-8446c2183233
1644500004463	Marionette	INFO	Listening on port 59084
1644500004748	RemoteAgent	WARN	TLS certificate errors will be ignored for this session
1644500006328	Marionette	INFO	Stopped listening on port 59084

###!!! [Parent][PGPUParent] Error: RunMessage(msgname=PGPU::Msg_ShutdownVR) Channel closing: too late to send/recv, messages will be lost

1644500037954	geckodriver	INFO	Listening on 127.0.0.1:59153
1644500041064	mozrunner::runner	INFO	Running command: "C:\\Program Files\\Mozilla Firefox\\firefox.exe" "--marionette" "--remote-debugging-port" "59154" "-no-remote" "-profile" "C:\\Users\\Prashant\\AppData\\Local\\Temp\\rust_mozprofile1Tc3As"
1644500041612	Marionette	INFO	Marionette enabled
console.warn: SearchSettings: "get: No settings file exists, new profile?" (new NotFoundError("Could not open the file at C:\\Users\\Prashant\\AppData\\Local\\Temp\\rust_mozprofile1Tc3As\\search.json.mozlz4", (void 0)))
DevTools listening on ws://localhost:59154/devtools/browser/4d4fcd7e-f5e9-4257-a541-8a0807d5954e
1644500044433	Marionette	INFO	Listening on port 59159
1644500044802	RemoteAgent	WARN	TLS certificate errors will be ignored for this session
1644500046492	Marionette	INFO	Stopped listening on port 59159
1644500592970	geckodriver	INFO	Listening on 127.0.0.1:59333
1644500596065	mozrunner::runner	INFO	Running command: "C:\\Program Files\\Mozilla Firefox\\firefox.exe" "--marionette" "--remote-debugging-port" "59334" "-no-remote" "-profile" "C:\\Users\\Prashant\\AppData\\Local\\Temp\\rust_mozprofile6W9NG1"
1644500596624	Marionette	INFO	Marionette enabled
console.warn: SearchSettings: "get: No settings file exists, new profile?" (new NotFoundError("Could not open the file at C:\\Users\\Prashant\\AppData\\Local\\Temp\\rust_mozprofile6W9NG1\\search.json.mozlz4", (void 0)))
DevTools listening on ws://localhost:59334/devtools/browser/714e084a-68be-421f-958c-bad2dd4c9a56
1644500599649	Marionette	INFO	Listening on port 59354
1644500599810	RemoteAgent	WARN	TLS certificate errors will be ignored for this session
console.warn: LoginRecipes: "getRecipes: falling back to a synchronous message for:" "http://localhost:59386"
1644500601601	Marionette	INFO	Stopped listening on port 59354
console.error: QuickSuggest: (new TypeError("NetworkError: Network request failed", "resource://services-settings/Utils.jsm", 132))
1644500989248	geckodriver	INFO	Listening on 127.0.0.1:59545
1644500992337	mozrunner::runner	INFO	Running command: "C:\\Program Files\\Mozilla Firefox\\firefox.exe" "--marionette" "--remote-debugging-port" "59546" "-no-remote" "-profile" "C:\\Users\\Prashant\\AppData\\Local\\Temp\\rust_mozprofilehOzJQe"
1644500992887	Marionette	INFO	Marionette enabled
console.warn: SearchSettings: "get: No settings file exists, new profile?" (new NotFoundError("Could not open the file at C:\\Users\\Prashant\\AppData\\Local\\Temp\\rust_mozprofilehOzJQe\\search.json.mozlz4", (void 0)))
DevTools listening on ws://localhost:59546/devtools/browser/d2f96469-5700-4ac7-a45e-8e039a659582
1644500995610	Marionette	INFO	Listening on port 59551
1644500996076	RemoteAgent	WARN	TLS certificate errors will be ignored for this session
console.warn: LoginRecipes: "getRecipes: falling back to a synchronous message for:" "http://localhost:59598"
console.warn: LoginRecipes: "getRecipes: falling back to a synchronous message for:" "http://localhost:59598"
JavaScript error: resource://gre/modules/LoginManagerParent.jsm, line 136: TypeError: gRecipeManager is null
1644500998657	Marionette	INFO	Stopped listening on port 59551

###!!! [Parent][PGPUParent] Error: RunMessage(msgname=PGPU::Msg_ShutdownVR) Channel closing: too late to send/recv, messages will be lost

1644501268727	geckodriver	INFO	Listening on 127.0.0.1:59688
1644501271826	mozrunner::runner	INFO	Running command: "C:\\Program Files\\Mozilla Firefox\\firefox.exe" "--marionette" "--remote-debugging-port" "59689" "-no-remote" "-profile" "C:\\Users\\Prashant\\AppData\\Local\\Temp\\rust_mozprofileLYgOAE"
1644501272585	Marionette	INFO	Marionette enabled
console.warn: SearchSettings: "get: No settings file exists, new profile?" (new NotFoundError("Could not open the file at C:\\Users\\Prashant\\AppData\\Local\\Temp\\rust_mozprofileLYgOAE\\search.json.mozlz4", (void 0)))
DevTools listening on ws://localhost:59689/devtools/browser/f554d8aa-c934-4a30-8ee7-251396ca37f2
1644501275414	Marionette	INFO	Listening on port 59694
1644501275533	RemoteAgent	WARN	TLS certificate errors will be ignored for this session
console.warn: LoginRecipes: "getRecipes: falling back to a synchronous message for:" "http://localhost:59739"
console.warn: LoginRecipes: "getRecipes: falling back to a synchronous message for:" "http://localhost:59739"
JavaScript error: resource://gre/modules/LoginManagerParent.jsm, line 136: TypeError: gRecipeManager is null
1644501278521	Marionette	INFO	Stopped listening on port 59694
1644501302614	geckodriver	INFO	Listening on 127.0.0.1:59758
1644501305676	mozrunner::runner	INFO	Running command: "C:\\Program Files\\Mozilla Firefox\\firefox.exe" "--marionette" "--remote-debugging-port" "59759" "-no-remote" "-profile" "C:\\Users\\Prashant\\AppData\\Local\\Temp\\rust_mozprofilewj91dt"
1644501306209	Marionette	INFO	Marionette enabled
console.warn: SearchSettings: "get: No settings file exists, new profile?" (new NotFoundError("Could not open the file at C:\\Users\\Prashant\\AppData\\Local\\Temp\\rust_mozprofilewj91dt\\search.json.mozlz4", (void 0)))
DevTools listening on ws://localhost:59759/devtools/browser/a74f8de5-fc3e-4536-b3e7-7de5622b0461
1644501309264	Marionette	INFO	Listening on port 59764
1644501309385	RemoteAgent	WARN	TLS certificate errors will be ignored for this session
console.warn: LoginRecipes: "getRecipes: falling back to a synchronous message for:" "http://localhost:59809"
console.warn: LoginRecipes: "getRecipes: falling back to a synchronous message for:" "http://localhost:59809"
JavaScript error: resource://gre/modules/LoginManagerParent.jsm, line 136: TypeError: gRecipeManager is null
1644501311783	Marionette	INFO	Stopped listening on port 59764

###!!! [Parent][PGPUParent] Error: RunMessage(msgname=PGPU::Msg_ShutdownVR) Channel closing: too late to send/recv, messages will be lost

1644501393097	geckodriver	INFO	Listening on 127.0.0.1:59832
1644501396187	mozrunner::runner	INFO	Running command: "C:\\Program Files\\Mozilla Firefox\\firefox.exe" "--marionette" "--remote-debugging-port" "59833" "-no-remote" "-profile" "C:\\Users\\Prashant\\AppData\\Local\\Temp\\rust_mozprofile5iVUGO"
1644501396845	Marionette	INFO	Marionette enabled
console.warn: SearchSettings: "get: No settings file exists, new profile?" (new NotFoundError("Could not open the file at C:\\Users\\Prashant\\AppData\\Local\\Temp\\rust_mozprofile5iVUGO\\search.json.mozlz4", (void 0)))
DevTools listening on ws://localhost:59833/devtools/browser/89d07442-ca50-40c7-8469-15293fa848ee
1644501399941	Marionette	INFO	Listening on port 59838
1644501400434	RemoteAgent	WARN	TLS certificate errors will be ignored for this session
console.warn: LoginRecipes: "getRecipes: falling back to a synchronous message for:" "http://localhost:59885"
console.warn: LoginRecipes: "getRecipes: falling back to a synchronous message for:" "http://localhost:59885"
JavaScript error: resource://gre/modules/LoginManagerParent.jsm, line 136: TypeError: gRecipeManager is null
1644501402682	Marionette	INFO	Stopped listening on port 59838

###!!! [Parent][PGPUParent] Error: RunMessage(msgname=PGPU::Msg_ShutdownVR) Channel closing: too late to send/recv, messages will be lost

1644501499608	geckodriver	INFO	Listening on 127.0.0.1:59916
1644501502670	mozrunner::runner	INFO	Running command: "C:\\Program Files\\Mozilla Firefox\\firefox.exe" "--marionette" "--remote-debugging-port" "59917" "-no-remote" "-profile" "C:\\Users\\Prashant\\AppData\\Local\\Temp\\rust_mozprofile4It4ud"
1644501503282	Marionette	INFO	Marionette enabled
console.warn: SearchSettings: "get: No settings file exists, new profile?" (new NotFoundError("Could not open the file at C:\\Users\\Prashant\\AppData\\Local\\Temp\\rust_mozprofile4It4ud\\search.json.mozlz4", (void 0)))
DevTools listening on ws://localhost:59917/devtools/browser/80371a40-f7d9-4d7f-aa60-f42b0914ad45
1644501506539	Marionette	INFO	Listening on port 59922
1644501506968	RemoteAgent	WARN	TLS certificate errors will be ignored for this session
console.warn: LoginRecipes: "getRecipes: falling back to a synchronous message for:" "http://localhost:59968"
console.warn: LoginRecipes: "getRecipes: falling back to a synchronous message for:" "http://localhost:59968"
JavaScript error: resource://gre/modules/LoginManagerParent.jsm, line 136: TypeError: gRecipeManager is null
1644501509472	Marionette	INFO	Stopped listening on port 59922

###!!! [Parent][PGPUParent] Error: RunMessage(msgname=PGPU::Msg_ShutdownVR) Channel closing: too late to send/recv, messages will be lost

1644501536235	geckodriver	INFO	Listening on 127.0.0.1:59990
1644501539323	mozrunner::runner	INFO	Running command: "C:\\Program Files\\Mozilla Firefox\\firefox.exe" "--marionette" "--remote-debugging-port" "59991" "-no-remote" "-profile" "C:\\Users\\Prashant\\AppData\\Local\\Temp\\rust_mozprofilenAyaj9"
1644501539865	Marionette	INFO	Marionette enabled
console.warn: SearchSettings: "get: No settings file exists, new profile?" (new NotFoundError("Could not open the file at C:\\Users\\Prashant\\AppData\\Local\\Temp\\rust_mozprofilenAyaj9\\search.json.mozlz4", (void 0)))
DevTools listening on ws://localhost:59991/devtools/browser/ea5679f7-b688-4033-8401-05ba324e6172
1644501542885	Marionette	INFO	Listening on port 59996
1644501543100	RemoteAgent	WARN	TLS certificate errors will be ignored for this session
console.warn: LoginRecipes: "getRecipes: falling back to a synchronous message for:" "http://localhost:60042"
console.warn: LoginRecipes: "getRecipes: falling back to a synchronous message for:" "http://localhost:60042"
JavaScript error: resource://gre/modules/LoginManagerParent.jsm, line 136: TypeError: gRecipeManager is null
1644501545471	Marionette	INFO	Stopped listening on port 59996

###!!! [Parent][PGPUParent] Error: RunMessage(msgname=PGPU::Msg_ShutdownVR) Channel closing: too late to send/recv, messages will be lost

1644501562028	geckodriver	INFO	Listening on 127.0.0.1:60060
1644501565099	mozrunner::runner	INFO	Running command: "C:\\Program Files\\Mozilla Firefox\\firefox.exe" "--marionette" "--remote-debugging-port" "60061" "-no-remote" "-profile" "C:\\Users\\Prashant\\AppData\\Local\\Temp\\rust_mozprofilejkiueQ"
1644501565744	Marionette	INFO	Marionette enabled
console.warn: SearchSettings: "get: No settings file exists, new profile?" (new NotFoundError("Could not open the file at C:\\Users\\Prashant\\AppData\\Local\\Temp\\rust_mozprofilejkiueQ\\search.json.mozlz4", (void 0)))
DevTools listening on ws://localhost:60061/devtools/browser/5daf0c55-ad29-4da7-aa93-1b3b86ed504a
1644501568736	Marionette	INFO	Listening on port 60066
1644501568831	RemoteAgent	WARN	TLS certificate errors will be ignored for this session
console.warn: LoginRecipes: "getRecipes: falling back to a synchronous message for:" "http://localhost:60110"
console.warn: LoginRecipes: "getRecipes: falling back to a synchronous message for:" "http://localhost:60110"
JavaScript error: resource://gre/modules/LoginManagerParent.jsm, line 136: TypeError: gRecipeManager is null
1644501571559	Marionette	INFO	Stopped listening on port 60066

###!!! [Parent][PGPUParent] Error: RunMessage(msgname=PGPU::Msg_ShutdownVR) Channel closing: too late to send/recv, messages will be lost

1644501612221	geckodriver	INFO	Listening on 127.0.0.1:60147
1644501615299	mozrunner::runner	INFO	Running command: "C:\\Program Files\\Mozilla Firefox\\firefox.exe" "--marionette" "--remote-debugging-port" "60148" "-no-remote" "-profile" "C:\\Users\\Prashant\\AppData\\Local\\Temp\\rust_mozprofileWT4vQc"
1644501615868	Marionette	INFO	Marionette enabled
console.warn: SearchSettings: "get: No settings file exists, new profile?" (new NotFoundError("Could not open the file at C:\\Users\\Prashant\\AppData\\Local\\Temp\\rust_mozprofileWT4vQc\\search.json.mozlz4", (void 0)))
DevTools listening on ws://localhost:60148/devtools/browser/e0b72717-59af-460a-a9fd-cf45602761f8
1644501618842	Marionette	INFO	Listening on port 60153
1644501619018	RemoteAgent	WARN	TLS certificate errors will be ignored for this session
console.warn: LoginRecipes: "getRecipes: falling back to a synchronous message for:" "http://localhost:60199"
console.warn: LoginRecipes: "getRecipes: falling back to a synchronous message for:" "http://localhost:60199"
JavaScript error: resource://gre/modules/LoginManagerParent.jsm, line 136: TypeError: gRecipeManager is null
1644501621246	Marionette	INFO	Stopped listening on port 60153

###!!! [Parent][PGPUParent] Error: RunMessage(msgname=PGPU::Msg_ShutdownVR) Channel closing: too late to send/recv, messages will be lost

1644501635684	geckodriver	INFO	Listening on 127.0.0.1:60215
1644501638796	mozrunner::runner	INFO	Running command: "C:\\Program Files\\Mozilla Firefox\\firefox.exe" "--marionette" "--remote-debugging-port" "60216" "-no-remote" "-profile" "C:\\Users\\Prashant\\AppData\\Local\\Temp\\rust_mozprofileU2cNYW"
1644501639383	Marionette	INFO	Marionette enabled
console.warn: SearchSettings: "get: No settings file exists, new profile?" (new NotFoundError("Could not open the file at C:\\Users\\Prashant\\AppData\\Local\\Temp\\rust_mozprofileU2cNYW\\search.json.mozlz4", (void 0)))
DevTools listening on ws://localhost:60216/devtools/browser/c75b4d7f-3c7b-4ca7-be02-2d13e48bc326
1644501642492	Marionette	INFO	Listening on port 60221
1644501643033	RemoteAgent	WARN	TLS certificate errors will be ignored for this session
console.warn: LoginRecipes: "getRecipes: falling back to a synchronous message for:" "http://localhost:60286"
console.warn: LoginRecipes: "getRecipes: falling back to a synchronous message for:" "http://localhost:60286"
JavaScript error: resource://gre/modules/LoginManagerParent.jsm, line 136: TypeError: gRecipeManager is null
1644501645175	Marionette	INFO	Stopped listening on port 60221
1644501766483	geckodriver	INFO	Listening on 127.0.0.1:60326
1644501769585	mozrunner::runner	INFO	Running command: "C:\\Program Files\\Mozilla Firefox\\firefox.exe" "--marionette" "--remote-debugging-port" "60327" "-no-remote" "-profile" "C:\\Users\\Prashant\\AppData\\Local\\Temp\\rust_mozprofileji4Am7"
1644501770178	Marionette	INFO	Marionette enabled
console.warn: SearchSettings: "get: No settings file exists, new profile?" (new NotFoundError("Could not open the file at C:\\Users\\Prashant\\AppData\\Local\\Temp\\rust_mozprofileji4Am7\\search.json.mozlz4", (void 0)))
DevTools listening on ws://localhost:60327/devtools/browser/f8dd85bb-5ce5-4110-b806-59cc7be710f8
1644501773059	Marionette	INFO	Listening on port 60332
1644501773317	RemoteAgent	WARN	TLS certificate errors will be ignored for this session
console.warn: LoginRecipes: "getRecipes: falling back to a synchronous message for:" "http://localhost:60378"
console.warn: LoginRecipes: "getRecipes: falling back to a synchronous message for:" "http://localhost:60378"
JavaScript error: resource://gre/modules/LoginManagerParent.jsm, line 136: TypeError: gRecipeManager is null
1644501776440	Marionette	WARN	Ignoring event 'DOMContentLoaded' because document has an invalid readyState of 'complete'.
1644501776653	Marionette	WARN	Ignoring event 'DOMContentLoaded' because document has an invalid readyState of 'complete'.
1644501776919	Marionette	WARN	Ignoring event 'DOMContentLoaded' because document has an invalid readyState of 'complete'.
1644501777080	Marionette	WARN	Ignoring event 'DOMContentLoaded' because document has an invalid readyState of 'complete'.
console.warn: LoginRecipes: "getRecipes: falling back to a synchronous message for:" "http://localhost:60378"
JavaScript error: resource://gre/modules/LoginManagerParent.jsm, line 136: TypeError: gRecipeManager is null
console.warn: LoginRecipes: "getRecipes: falling back to a synchronous message for:" "http://localhost:60378"
JavaScript error: resource://gre/modules/LoginManagerParent.jsm, line 136: TypeError: gRecipeManager is null
console.warn: LoginRecipes: "getRecipes: falling back to a synchronous message for:" "http://localhost:60378"
JavaScript error: resource://gre/modules/LoginManagerParent.jsm, line 136: TypeError: gRecipeManager is null
console.warn: LoginRecipes: "getRecipes: falling back to a synchronous message for:" "http://localhost:60378"
JavaScript error: resource://gre/modules/LoginManagerParent.jsm, line 136: TypeError: gRecipeManager is null
console.warn: LoginRecipes: "getRecipes: falling back to a synchronous message for:" "http://localhost:60378"
JavaScript error: resource://gre/modules/LoginManagerParent.jsm, line 136: TypeError: gRecipeManager is null
console.warn: LoginRecipes: "getRecipes: falling back to a synchronous message for:" "http://localhost:60378"
JavaScript error: resource://gre/modules/LoginManagerParent.jsm, line 136: TypeError: gRecipeManager is null
console.warn: LoginRecipes: "getRecipes: falling back to a synchronous message for:" "http://localhost:60378"
JavaScript error: resource://gre/modules/LoginManagerParent.jsm, line 136: TypeError: gRecipeManager is null
console.warn: LoginRecipes: "getRecipes: falling back to a synchronous message for:" "http://localhost:60378"
JavaScript error: resource://gre/modules/LoginManagerParent.jsm, line 136: TypeError: gRecipeManager is null
console.warn: LoginRecipes: "getRecipes: falling back to a synchronous message for:" "http://localhost:60378"
JavaScript error: resource://gre/modules/LoginManagerParent.jsm, line 136: TypeError: gRecipeManager is null
console.warn: LoginRecipes: "getRecipes: falling back to a synchronous message for:" "http://localhost:60378"
JavaScript error: resource://gre/modules/LoginManagerParent.jsm, line 136: TypeError: gRecipeManager is null
console.warn: LoginRecipes: "getRecipes: falling back to a synchronous message for:" "http://localhost:60378"
JavaScript error: resource://gre/modules/LoginManagerParent.jsm, line 136: TypeError: gRecipeManager is null
console.warn: LoginRecipes: "getRecipes: falling back to a synchronous message for:" "http://localhost:60378"
JavaScript error: resource://gre/modules/LoginManagerParent.jsm, line 136: TypeError: gRecipeManager is null
console.warn: LoginRecipes: "getRecipes: falling back to a synchronous message for:" "http://localhost:60378"
JavaScript error: resource://gre/modules/LoginManagerParent.jsm, line 136: TypeError: gRecipeManager is null
console.warn: LoginRecipes: "getRecipes: falling back to a synchronous message for:" "http://localhost:60378"
JavaScript error: resource://gre/modules/LoginManagerParent.jsm, line 136: TypeError: gRecipeManager is null
console.warn: LoginRecipes: "getRecipes: falling back to a synchronous message for:" "http://localhost:60378"
JavaScript error: resource://gre/modules/LoginManagerParent.jsm, line 136: TypeError: gRecipeManager is null
console.warn: LoginRecipes: "getRecipes: falling back to a synchronous message for:" "http://localhost:60378"
JavaScript error: resource://gre/modules/LoginManagerParent.jsm, line 136: TypeError: gRecipeManager is null
console.warn: LoginRecipes: "getRecipes: falling back to a synchronous message for:" "http://localhost:60378"
JavaScript error: resource://gre/modules/LoginManagerParent.jsm, line 136: TypeError: gRecipeManager is null
1644501784742	Marionette	INFO	Stopped listening on port 60332

###!!! [Parent][PGPUParent] Error: RunMessage(msgname=PGPU::Msg_ShutdownVR) Channel closing: too late to send/recv, messages will be lost

1644501837148	geckodriver	INFO	Listening on 127.0.0.1:60443
1644501840236	mozrunner::runner	INFO	Running command: "C:\\Program Files\\Mozilla Firefox\\firefox.exe" "--marionette" "--remote-debugging-port" "60444" "-no-remote" "-profile" "C:\\Users\\Prashant\\AppData\\Local\\Temp\\rust_mozprofileTmv7vB"
1644501841064	Marionette	INFO	Marionette enabled
console.warn: SearchSettings: "get: No settings file exists, new profile?" (new NotFoundError("Could not open the file at C:\\Users\\Prashant\\AppData\\Local\\Temp\\rust_mozprofileTmv7vB\\search.json.mozlz4", (void 0)))
DevTools listening on ws://localhost:60444/devtools/browser/7a5413ca-900d-4af5-bc18-6dc3edf322d4
1644501844372	Marionette	INFO	Listening on port 60449
1644501844467	RemoteAgent	WARN	TLS certificate errors will be ignored for this session
console.warn: LoginRecipes: "getRecipes: falling back to a synchronous message for:" "http://localhost:60493"
console.warn: LoginRecipes: "getRecipes: falling back to a synchronous message for:" "http://localhost:60493"
JavaScript error: resource://gre/modules/LoginManagerParent.jsm, line 136: TypeError: gRecipeManager is null
1644501847308	Marionette	WARN	Ignoring event 'DOMContentLoaded' because document has an invalid readyState of 'complete'.
1644501847523	Marionette	WARN	Ignoring event 'DOMContentLoaded' because document has an invalid readyState of 'complete'.
1644501847756	Marionette	WARN	Ignoring event 'DOMContentLoaded' because document has an invalid readyState of 'complete'.
1644501847958	Marionette	WARN	Ignoring event 'DOMContentLoaded' because document has an invalid readyState of 'complete'.
console.warn: LoginRecipes: "getRecipes: falling back to a synchronous message for:" "http://localhost:60493"
JavaScript error: resource://gre/modules/LoginManagerParent.jsm, line 136: TypeError: gRecipeManager is null
console.warn: LoginRecipes: "getRecipes: falling back to a synchronous message for:" "http://localhost:60493"
JavaScript error: resource://gre/modules/LoginManagerParent.jsm, line 136: TypeError: gRecipeManager is null
console.warn: LoginRecipes: "getRecipes: falling back to a synchronous message for:" "http://localhost:60493"
JavaScript error: resource://gre/modules/LoginManagerParent.jsm, line 136: TypeError: gRecipeManager is null
console.warn: LoginRecipes: "getRecipes: falling back to a synchronous message for:" "http://localhost:60493"
JavaScript error: resource://gre/modules/LoginManagerParent.jsm, line 136: TypeError: gRecipeManager is null
console.warn: LoginRecipes: "getRecipes: falling back to a synchronous message for:" "http://localhost:60493"
JavaScript error: resource://gre/modules/LoginManagerParent.jsm, line 136: TypeError: gRecipeManager is null
console.warn: LoginRecipes: "getRecipes: falling back to a synchronous message for:" "http://localhost:60493"
JavaScript error: resource://gre/modules/LoginManagerParent.jsm, line 136: TypeError: gRecipeManager is null
console.warn: LoginRecipes: "getRecipes: falling back to a synchronous message for:" "http://localhost:60493"
JavaScript error: resource://gre/modules/LoginManagerParent.jsm, line 136: TypeError: gRecipeManager is null
console.warn: LoginRecipes: "getRecipes: falling back to a synchronous message for:" "http://localhost:60493"
JavaScript error: resource://gre/modules/LoginManagerParent.jsm, line 136: TypeError: gRecipeManager is null
console.warn: LoginRecipes: "getRecipes: falling back to a synchronous message for:" "http://localhost:60493"
JavaScript error: resource://gre/modules/LoginManagerParent.jsm, line 136: TypeError: gRecipeManager is null
console.warn: LoginRecipes: "getRecipes: falling back to a synchronous message for:" "http://localhost:60493"
JavaScript error: resource://gre/modules/LoginManagerParent.jsm, line 136: TypeError: gRecipeManager is null
console.warn: LoginRecipes: "getRecipes: falling back to a synchronous message for:" "http://localhost:60493"
JavaScript error: resource://gre/modules/LoginManagerParent.jsm, line 136: TypeError: gRecipeManager is null
console.warn: LoginRecipes: "getRecipes: falling back to a synchronous message for:" "http://localhost:60493"
JavaScript error: resource://gre/modules/LoginManagerParent.jsm, line 136: TypeError: gRecipeManager is null
console.warn: LoginRecipes: "getRecipes: falling back to a synchronous message for:" "http://localhost:60493"
JavaScript error: resource://gre/modules/LoginManagerParent.jsm, line 136: TypeError: gRecipeManager is null
console.warn: LoginRecipes: "getRecipes: falling back to a synchronous message for:" "http://localhost:60493"
JavaScript error: resource://gre/modules/LoginManagerParent.jsm, line 136: TypeError: gRecipeManager is null
console.warn: LoginRecipes: "getRecipes: falling back to a synchronous message for:" "http://localhost:60493"
JavaScript error: resource://gre/modules/LoginManagerParent.jsm, line 136: TypeError: gRecipeManager is null
console.warn: LoginRecipes: "getRecipes: falling back to a synchronous message for:" "http://localhost:60493"
JavaScript error: resource://gre/modules/LoginManagerParent.jsm, line 136: TypeError: gRecipeManager is null
console.warn: LoginRecipes: "getRecipes: falling back to a synchronous message for:" "http://localhost:60493"
JavaScript error: resource://gre/modules/LoginManagerParent.jsm, line 136: TypeError: gRecipeManager is null
1644501855436	Marionette	INFO	Stopped listening on port 60449

###!!! [Parent][PGPUParent] Error: RunMessage(msgname=PGPU::Msg_ShutdownVR) Channel closing: too late to send/recv, messages will be lost

